<?xml version="1.0" encoding="UTF-8"?>
<!-- Generated by org.testng.reporters.JUnitXMLReporter -->
<testsuite hostname="LAPTOP-2IFEJBVE" ignored="6" name="Validate HerokuApp functionality on Chrome" tests="4" failures="2" timestamp="24 May 2022 01:37:10 GMT" time="42.734" errors="0">
  <testcase name="registerSingleUserTest" time="2.809" classname="ui.UserRegistrationTest"/>
  <testcase name="performTask" time="15.078" classname="ui.PerformChallengeTest">
    <failure type="org.openqa.selenium.NoSuchElementException" message="no such element: Unable to locate element: {&amp;quot;method&amp;quot;:&amp;quot;css selector&amp;quot;,&amp;quot;selector&amp;quot;:&amp;quot;#bus&amp;quot;}
  (Session info: chrome=101.0.4951.67)
For documentation on this error, please visit: http://seleniumhq.org/exceptions/no_such_element.html
Build info: version: &amp;apos;3.8.0&amp;apos;, revision: &amp;apos;924c4067df&amp;apos;, time: &amp;apos;2017-11-30T11:20:39.408Z&amp;apos;
System info: host: &amp;apos;LAPTOP-2IFEJBVE&amp;apos;, ip: &amp;apos;192.168.1.203&amp;apos;, os.name: &amp;apos;Windows 10&amp;apos;, os.arch: &amp;apos;amd64&amp;apos;, os.version: &amp;apos;10.0&amp;apos;, java.version: &amp;apos;1.8.0_241&amp;apos;
Driver info: org.openqa.selenium.chrome.ChromeDriver
Capabilities {acceptInsecureCerts: false, browserName: chrome, browserVersion: 101.0.4951.67, chrome: {chromedriverVersion: 101.0.4951.41 (93c720db8323..., userDataDir: C:\Users\ARASKAR\AppData\Lo...}, goog:chromeOptions: {debuggerAddress: localhost:54255}, javascriptEnabled: true, networkConnectionEnabled: false, pageLoadStrategy: normal, platform: WINDOWS, platformName: WINDOWS, proxy: Proxy(), setWindowRect: true, strictFileInteractability: false, timeouts: {implicit: 0, pageLoad: 300000, script: 30000}, unhandledPromptBehavior: dismiss and notify, webauthn:extension:credBlob: true, webauthn:extension:largeBlob: true, webauthn:virtualAuthenticators: true}
Session ID: 24798f9779039fd6d8d49cf5af365097
*** Element info: {Using=id, value=bus}">
      <![CDATA[org.openqa.selenium.NoSuchElementException: no such element: Unable to locate element: {"method":"css selector","selector":"#bus"}
  (Session info: chrome=101.0.4951.67)
For documentation on this error, please visit: http://seleniumhq.org/exceptions/no_such_element.html
Build info: version: '3.8.0', revision: '924c4067df', time: '2017-11-30T11:20:39.408Z'
System info: host: 'LAPTOP-2IFEJBVE', ip: '192.168.1.203', os.name: 'Windows 10', os.arch: 'amd64', os.version: '10.0', java.version: '1.8.0_241'
Driver info: org.openqa.selenium.chrome.ChromeDriver
Capabilities {acceptInsecureCerts: false, browserName: chrome, browserVersion: 101.0.4951.67, chrome: {chromedriverVersion: 101.0.4951.41 (93c720db8323..., userDataDir: C:\Users\ARASKAR\AppData\Lo...}, goog:chromeOptions: {debuggerAddress: localhost:54255}, javascriptEnabled: true, networkConnectionEnabled: false, pageLoadStrategy: normal, platform: WINDOWS, platformName: WINDOWS, proxy: Proxy(), setWindowRect: true, strictFileInteractability: false, timeouts: {implicit: 0, pageLoad: 300000, script: 30000}, unhandledPromptBehavior: dismiss and notify, webauthn:extension:credBlob: true, webauthn:extension:largeBlob: true, webauthn:virtualAuthenticators: true}
Session ID: 24798f9779039fd6d8d49cf5af365097
*** Element info: {Using=id, value=bus}
at org.openqa.selenium.remote.http.W3CHttpResponseCodec.createException(W3CHttpResponseCodec.java:187)
at org.openqa.selenium.remote.http.W3CHttpResponseCodec.decode(W3CHttpResponseCodec.java:122)
at org.openqa.selenium.remote.http.W3CHttpResponseCodec.decode(W3CHttpResponseCodec.java:49)
at org.openqa.selenium.remote.HttpCommandExecutor.execute(HttpCommandExecutor.java:164)
at org.openqa.selenium.remote.service.DriverCommandExecutor.execute(DriverCommandExecutor.java:83)
at org.openqa.selenium.remote.RemoteWebDriver.execute(RemoteWebDriver.java:601)
at org.openqa.selenium.remote.RemoteWebDriver.findElement(RemoteWebDriver.java:371)
at org.openqa.selenium.remote.RemoteWebDriver.findElementById(RemoteWebDriver.java:417)
at org.openqa.selenium.By$ById.findElement(By.java:218)
at org.openqa.selenium.remote.RemoteWebDriver.findElement(RemoteWebDriver.java:363)
at org.openqa.selenium.support.pagefactory.DefaultElementLocator.findElement(DefaultElementLocator.java:69)
at org.openqa.selenium.support.pagefactory.internal.LocatingElementHandler.invoke(LocatingElementHandler.java:38)
at com.sun.proxy.$Proxy14.click(Unknown Source)
at com.qa.pages.BattleFieldPage.startTakeTheBusChallenge(BattleFieldPage.java:53)
at ui.PerformChallengeTest.performTask(PerformChallengeTest.java:52)
... Removed 29 stack frames]]>
    </failure>
  </testcase> <!-- performTask -->
  <testcase name="verifyLeaderBoardTest" time="2.041" classname="ui.LeaderBoardPageTest">
    <failure type="java.lang.AssertionError" message="Given element not present on the board expected [true] but found [false]">
      <![CDATA[java.lang.AssertionError: Given element not present on the board expected [true] but found [false]
at ui.LeaderBoardPageTest.verifyLeaderBoardTest(LeaderBoardPageTest.java:66)
... Removed 28 stack frames]]>
    </failure>
  </testcase> <!-- verifyLeaderBoardTest -->
  <testcase name="verifyleaderBoardPageTitle" time="0.023" classname="ui.LeaderBoardPageTest"/>
  <testcase name="@BeforeSuite beforeSuite" time="0.0" classname="com.qa.testbase.TestBase">
    <ignored/>
  </testcase> <!-- @BeforeSuite beforeSuite -->
  <testcase name="@BeforeSuite beforeSuite" time="0.0" classname="com.qa.testbase.TestBase">
    <ignored/>
  </testcase> <!-- @BeforeSuite beforeSuite -->
  <testcase name="@AfterSuite afterTestCleanup" time="0.0" classname="com.qa.testbase.TestBase">
    <ignored/>
  </testcase> <!-- @AfterSuite afterTestCleanup -->
  <testcase name="@AfterSuite afterTestCleanup" time="0.0" classname="com.qa.testbase.TestBase">
    <ignored/>
  </testcase> <!-- @AfterSuite afterTestCleanup -->
  <testcase name="misMatchPasswordTest" time="0.0" classname="ui.UserRegistrationTest">
    <ignored/>
  </testcase> <!-- misMatchPasswordTest -->
  <testcase name="cancelUserRegisterationTest" time="0.0" classname="ui.UserRegistrationTest">
    <ignored/>
  </testcase> <!-- cancelUserRegisterationTest -->
</testsuite> <!-- Validate HerokuApp functionality on Chrome -->
